User belongs to experiment group 'ShowPlayIcon - start'
User belongs to experiment group 'DebugAdapterFactory - experiment'
User belongs to experiment group 'PtvsdWheels37 - experiment'
User belongs to experiment group 'UseTerminalToGetActivatedEnvVars - control'
User belongs to experiment group 'AA_testing - control'
User belongs to experiment group 'LocalZMQKernel - experiment'
User belongs to experiment group 'CollectLSRequestTiming - control'
User belongs to experiment group 'CollectNodeLSRequestTiming - experiment'
User belongs to experiment group 'EnableIPyWidgets - experiment'
User belongs to experiment group 'RunByLine - control'
User belongs to experiment group 'CustomEditorSupport - control'
Error 2020-10-23 12:26:51: Exception while attempting zmq : [Error: /snap/core/current/usr/lib/x86_64-linux-gnu/libstdc++.so.6: version `GLIBCXX_3.4.22' not found (required by /root/.vscode/extensions/ms-python.python-2020.9.114305/out/client/node_modules/zeromq/prebuilds/linux-x64/electron.napi.glibc.node)
	at process.func [as dlopen] (electron/js2c/asar.js:140:31)
	at Object.Module._extensions..node (internal/modules/cjs/loader.js:1081:18)
	at Object.func [as .node] (electron/js2c/asar.js:140:31)
	at Module.load (internal/modules/cjs/loader.js:862:32)
	at Module._load (internal/modules/cjs/loader.js:774:14)
	at Function.Module._load (electron/js2c/asar.js:769:28)
	at Function.t._load (/snap/code/48/usr/share/code/resources/app/out/vs/workbench/services/extensions/node/extensionHostProcess.js:1057:776)
	at Function.i._load (/snap/code/48/usr/share/code/resources/app/out/vs/workbench/services/extensions/node/extensionHostProcess.js:1027:486)
	at Function.n._load (/snap/code/48/usr/share/code/resources/app/out/vs/workbench/services/extensions/node/extensionHostProcess.js:1023:767)
	at Module.require (internal/modules/cjs/loader.js:899:19)
	at r (/snap/code/48/usr/share/code/resources/app/out/vs/loader.js:17:346)
	at load (/root/.vscode/extensions/ms-python.python-2020.9.114305/out/client/node_modules/node-gyp-build/index.js:21:10)
	at Object.<anonymous> (/root/.vscode/extensions/ms-python.python-2020.9.114305/out/client/node_modules/zeromq/lib/native.js:6:43)
	at Module.i._compile (/snap/code/48/usr/share/code/resources/app/out/vs/loader.js:17:571)
	at Object.Module._extensions..js (internal/modules/cjs/loader.js:1051:10)
	at Module.load (internal/modules/cjs/loader.js:862:32)
	at Module._load (internal/modules/cjs/loader.js:774:14)
	at Function.Module._load (electron/js2c/asar.js:769:28)
	at Function.t._load (/snap/code/48/usr/share/code/resources/app/out/vs/workbench/services/extensions/node/extensionHostProcess.js:1057:776)
	at Function.i._load (/snap/code/48/usr/share/code/resources/app/out/vs/workbench/services/extensions/node/extensionHostProcess.js:1027:486)
	at Function.n._load (/snap/code/48/usr/share/code/resources/app/out/vs/workbench/services/extensions/node/extensionHostProcess.js:1023:767)
	at Module.require (internal/modules/cjs/loader.js:899:19)
	at r (/snap/code/48/usr/share/code/resources/app/out/vs/loader.js:17:346)
	at Object.<anonymous> (/root/.vscode/extensions/ms-python.python-2020.9.114305/out/client/node_modules/zeromq/lib/index.js:3:16)
	at Module.i._compile (/snap/code/48/usr/share/code/resources/app/out/vs/loader.js:17:571)
	at Object.Module._extensions..js (internal/modules/cjs/loader.js:1051:10)
	at Module.load (internal/modules/cjs/loader.js:862:32)
	at Module._load (internal/modules/cjs/loader.js:774:14)
	at Function.Module._load (electron/js2c/asar.js:769:28)
	at Function.t._load (/snap/code/48/usr/share/code/resources/app/out/vs/workbench/services/extensions/node/extensionHostProcess.js:1057:776)
	at Function.i._load (/snap/code/48/usr/share/code/resources/app/out/vs/workbench/services/extensions/node/extensionHostProcess.js:1027:486)
	at Function.n._load (/snap/code/48/usr/share/code/resources/app/out/vs/workbench/services/extensions/node/extensionHostProcess.js:1023:767)
	at Module.require (internal/modules/cjs/loader.js:899:19)
	at r (/snap/code/48/usr/share/code/resources/app/out/vs/loader.js:17:346)
	at Object.<anonymous> (/root/.vscode/extensions/ms-python.python-2020.9.114305/out/client/extension.js:24:302772)
	at n (/root/.vscode/extensions/ms-python.python-2020.9.114305/out/client/extension.js:1:186)
	at /root/.vscode/extensions/ms-python.python-2020.9.114305/out/client/extension.js:56:731654
	at processTicksAndRejections (internal/process/task_queues.js:94:5)
	at async d.zmqSupportedImpl (/root/.vscode/extensions/ms-python.python-2020.9.114305/out/client/extension.js:56:731621)]
> conda --version
> pyenv root
> python3.7 ~/.vscode/extensions/ms-python.python-2020.9.114305/pythonFiles/pyvsc-run-isolated.py -c "import sys;print(sys.executable)"
> python3.6 ~/.vscode/extensions/ms-python.python-2020.9.114305/pythonFiles/pyvsc-run-isolated.py -c "import sys;print(sys.executable)"
> python3 ~/.vscode/extensions/ms-python.python-2020.9.114305/pythonFiles/pyvsc-run-isolated.py -c "import sys;print(sys.executable)"
> python2 ~/.vscode/extensions/ms-python.python-2020.9.114305/pythonFiles/pyvsc-run-isolated.py -c "import sys;print(sys.executable)"
> python ~/.vscode/extensions/ms-python.python-2020.9.114305/pythonFiles/pyvsc-run-isolated.py -c "import sys;print(sys.executable)"
> python ~/.vscode/extensions/ms-python.python-2020.9.114305/pythonFiles/pyvsc-run-isolated.py -c "import sys;print(sys.executable)"
> conda info --json
> python ~/.vscode/extensions/ms-python.python-2020.9.114305/pythonFiles/pyvsc-run-isolated.py -c "import sys;print(sys.executable)"
> python ~/.vscode/extensions/ms-python.python-2020.9.114305/pythonFiles/pyvsc-run-isolated.py -c "import sys;print(sys.executable)"
Error 2020-10-23 12:26:52: Failed to check if file needs to be fixed [EntryNotFound (FileSystemError): Unable to read file '/root/.config/Code/User/settings.json' (EntryNotFound (FileSystemError): Error: ENOENT: no such file or directory, open '/root/.config/Code/User/settings.json')
	at _handleError (/snap/code/48/usr/share/code/resources/app/out/vs/workbench/services/extensions/node/extensionHostProcess.js:725:473)
	at processTicksAndRejections (internal/process/task_queues.js:94:5)
	at async y.readText (/root/.vscode/extensions/ms-python.python-2020.9.114305/out/client/extension.js:1:503846)
	at async p.doesFileNeedToBeFixed (/root/.vscode/extensions/ms-python.python-2020.9.114305/out/client/extension.js:56:962033)
	at async /root/.vscode/extensions/ms-python.python-2020.9.114305/out/client/extension.js:56:961160
	at async Promise.all (index 0)
	at async p.getFilesToBeFixed (/root/.vscode/extensions/ms-python.python-2020.9.114305/out/client/extension.js:56:961106)
	at async p.updateTestSettings (/root/.vscode/extensions/ms-python.python-2020.9.114305/out/client/extension.js:56:960733)] {
  code: 'FileNotFound',
  name: 'EntryNotFound (FileSystemError)'
}
Error 2020-10-23 12:26:52: Failed to check if file needs to be fixed [EntryNotFound (FileSystemError): Unable to read file '/home/dusan/projs/JE/djangoweather/.vscode/settings.json' (EntryNotFound (FileSystemError): Error: ENOENT: no such file or directory, open '/home/dusan/projs/JE/djangoweather/.vscode/settings.json')
	at _handleError (/snap/code/48/usr/share/code/resources/app/out/vs/workbench/services/extensions/node/extensionHostProcess.js:725:473)
	at processTicksAndRejections (internal/process/task_queues.js:94:5)
	at async y.readText (/root/.vscode/extensions/ms-python.python-2020.9.114305/out/client/extension.js:1:503846)
	at async p.doesFileNeedToBeFixed (/root/.vscode/extensions/ms-python.python-2020.9.114305/out/client/extension.js:56:962033)
	at async /root/.vscode/extensions/ms-python.python-2020.9.114305/out/client/extension.js:56:961160
	at async Promise.all (index 1)
	at async p.getFilesToBeFixed (/root/.vscode/extensions/ms-python.python-2020.9.114305/out/client/extension.js:56:961106)
	at async p.updateTestSettings (/root/.vscode/extensions/ms-python.python-2020.9.114305/out/client/extension.js:56:960733)] {
  code: 'FileNotFound',
  name: 'EntryNotFound (FileSystemError)'
}
> pyenv root
> pyenv root
> pyenv root
Python interpreter path: /usr/bin/python3
Starting Jedi Python language engine.
> conda --version
> /usr/bin/python3 ~/.vscode/extensions/ms-python.python-2020.9.114305/pythonFiles/pyvsc-run-isolated.py -c "import sys;print(sys.prefix)"
cwd: /home/dusan/projs/JE/djangoweather
> /usr/bin/python3 ~/.vscode/extensions/ms-python.python-2020.9.114305/pythonFiles/pyvsc-run-isolated.py -c "import sys;print(sys.prefix)"
cwd: /home/dusan/projs/JE/djangoweather
> /usr/bin/python3 ~/.vscode/extensions/ms-python.python-2020.9.114305/pythonFiles/pyvsc-run-isolated.py -c "import sys;print(sys.executable)"
cwd: /home/dusan/projs/JE/djangoweather
> /usr/bin/python3 ~/.vscode/extensions/ms-python.python-2020.9.114305/pythonFiles/pyvsc-run-isolated.py -c "import sys;print(sys.executable)"
cwd: /home/dusan/projs/JE/djangoweather
> /usr/bin/python3 ~/.vscode/extensions/ms-python.python-2020.9.114305/pythonFiles/pyvsc-run-isolated.py -c "from distutils.sysconfig import get_python_lib; print(get_python_lib())"
cwd: /home/dusan/projs/JE/djangoweather
> /usr/bin/python3 ~/.vscode/extensions/ms-python.python-2020.9.114305/pythonFiles/pyvsc-run-isolated.py -c "from distutils.sysconfig import get_python_lib; print(get_python_lib())"
cwd: /home/dusan/projs/JE/djangoweather
> /usr/bin/python3 ~/.vscode/extensions/ms-python.python-2020.9.114305/pythonFiles/pyvsc-run-isolated.py site --user-site
cwd: /home/dusan/projs/JE/djangoweather
> /usr/bin/python3 ~/.vscode/extensions/ms-python.python-2020.9.114305/pythonFiles/pyvsc-run-isolated.py site --user-site
cwd: /home/dusan/projs/JE/djangoweather
> /usr/bin/python3 ~/.vscode/extensions/ms-python.python-2020.9.114305/pythonFiles/pyvsc-run-isolated.py ~/.vscode/extensions/ms-python.python-2020.9.114305/pythonFiles/completion.py
> /usr/bin/python3 ~/.vscode/extensions/ms-python.python-2020.9.114305/pythonFiles/pyvsc-run-isolated.py ~/.vscode/extensions/ms-python.python-2020.9.114305/pythonFiles/completion.py
Error 2020-10-23 12:26:53: stderr jediProxy Error (stderr) /root/.vscode/extensions/ms-python.python-2020.9.114305/pythonFiles/completion.py:584: DeprecationWarning: Deprecated since version 0.16.0. Use Script(...).get_names instead.
  jedi.api.names(

> /usr/bin/python3 ~/.vscode/extensions/ms-python.python-2020.9.114305/pythonFiles/pyvsc-run-isolated.py pylint --disable=all --enable=F,unreachable,duplicate-key,unnecessary-semicolon,global-variable-not-assigned,unused-variable,unused-wildcard-import,binary-op-exception,bad-format-string,anomalous-backslash-in-string,bad-open-mode,E0001,E0011,E0012,E0100,E0101,E0102,E0103,E0104,E0105,E0107,E0108,E0110,E0111,E0112,E0113,E0114,E0115,E0116,E0117,E0118,E0202,E0203,E0211,E0213,E0236,E0237,E0238,E0239,E0240,E0241,E0301,E0302,E0303,E0401,E0402,E0601,E0602,E0603,E0604,E0611,E0632,E0633,E0701,E0702,E0703,E0704,E0710,E0711,E0712,E1003,E1101,E1102,E1111,E1120,E1121,E1123,E1124,E1125,E1126,E1127,E1128,E1129,E1130,E1131,E1132,E1133,E1134,E1135,E1136,E1137,E1138,E1139,E1200,E1201,E1205,E1206,E1300,E1301,E1302,E1303,E1304,E1305,E1306,E1310,E1700,E1701 --msg-template='{line},{column},{category},{symbol}:{msg}' --reports=n --output-format=text /home/dusan/projs/JE/djangoweather/weather/weather/settings.py
cwd: /home/dusan/projs/JE/djangoweather
> /usr/bin/python3 ~/.vscode/extensions/ms-python.python-2020.9.114305/pythonFiles/pyvsc-run-isolated.py pylint --disable=all --enable=F,unreachable,duplicate-key,unnecessary-semicolon,global-variable-not-assigned,unused-variable,unused-wildcard-import,binary-op-exception,bad-format-string,anomalous-backslash-in-string,bad-open-mode,E0001,E0011,E0012,E0100,E0101,E0102,E0103,E0104,E0105,E0107,E0108,E0110,E0111,E0112,E0113,E0114,E0115,E0116,E0117,E0118,E0202,E0203,E0211,E0213,E0236,E0237,E0238,E0239,E0240,E0241,E0301,E0302,E0303,E0401,E0402,E0601,E0602,E0603,E0604,E0611,E0632,E0633,E0701,E0702,E0703,E0704,E0710,E0711,E0712,E1003,E1101,E1102,E1111,E1120,E1121,E1123,E1124,E1125,E1126,E1127,E1128,E1129,E1130,E1131,E1132,E1133,E1134,E1135,E1136,E1137,E1138,E1139,E1200,E1201,E1205,E1206,E1300,E1301,E1302,E1303,E1304,E1305,E1306,E1310,E1700,E1701 --msg-template='{line},{column},{category},{symbol}:{msg}' --reports=n --output-format=text /home/dusan/projs/JE/djangoweather/weather/weather/settings.py
cwd: /home/dusan/projs/JE/djangoweather
##########Linting Output - pylint##########

------------------------------------
Your code has been rated at 10.00/10

> /usr/bin/python3 ~/.vscode/extensions/ms-python.python-2020.9.114305/pythonFiles/pyvsc-run-isolated.py pylint --disable=all --enable=F,unreachable,duplicate-key,unnecessary-semicolon,global-variable-not-assigned,unused-variable,unused-wildcard-import,binary-op-exception,bad-format-string,anomalous-backslash-in-string,bad-open-mode,E0001,E0011,E0012,E0100,E0101,E0102,E0103,E0104,E0105,E0107,E0108,E0110,E0111,E0112,E0113,E0114,E0115,E0116,E0117,E0118,E0202,E0203,E0211,E0213,E0236,E0237,E0238,E0239,E0240,E0241,E0301,E0302,E0303,E0401,E0402,E0601,E0602,E0603,E0604,E0611,E0632,E0633,E0701,E0702,E0703,E0704,E0710,E0711,E0712,E1003,E1101,E1102,E1111,E1120,E1121,E1123,E1124,E1125,E1126,E1127,E1128,E1129,E1130,E1131,E1132,E1133,E1134,E1135,E1136,E1137,E1138,E1139,E1200,E1201,E1205,E1206,E1300,E1301,E1302,E1303,E1304,E1305,E1306,E1310,E1700,E1701 --msg-template='{line},{column},{category},{symbol}:{msg}' --reports=n --output-format=text /home/dusan/projs/JE/djangoweather/weather/weather/settings.py
cwd: /home/dusan/projs/JE/djangoweather
> /usr/bin/python3 ~/.vscode/extensions/ms-python.python-2020.9.114305/pythonFiles/pyvsc-run-isolated.py pylint --disable=all --enable=F,unreachable,duplicate-key,unnecessary-semicolon,global-variable-not-assigned,unused-variable,unused-wildcard-import,binary-op-exception,bad-format-string,anomalous-backslash-in-string,bad-open-mode,E0001,E0011,E0012,E0100,E0101,E0102,E0103,E0104,E0105,E0107,E0108,E0110,E0111,E0112,E0113,E0114,E0115,E0116,E0117,E0118,E0202,E0203,E0211,E0213,E0236,E0237,E0238,E0239,E0240,E0241,E0301,E0302,E0303,E0401,E0402,E0601,E0602,E0603,E0604,E0611,E0632,E0633,E0701,E0702,E0703,E0704,E0710,E0711,E0712,E1003,E1101,E1102,E1111,E1120,E1121,E1123,E1124,E1125,E1126,E1127,E1128,E1129,E1130,E1131,E1132,E1133,E1134,E1135,E1136,E1137,E1138,E1139,E1200,E1201,E1205,E1206,E1300,E1301,E1302,E1303,E1304,E1305,E1306,E1310,E1700,E1701 --msg-template='{line},{column},{category},{symbol}:{msg}' --reports=n --output-format=text /home/dusan/projs/JE/djangoweather/weather/weather/settings.py
cwd: /home/dusan/projs/JE/djangoweather
##########Linting Output - pylint##########

--------------------------------------------------------------------
Your code has been rated at 10.00/10 (previous run: 10.00/10, +0.00)

> /usr/bin/python3 ~/.vscode/extensions/ms-python.python-2020.9.114305/pythonFiles/pyvsc-run-isolated.py pylint --disable=all --enable=F,unreachable,duplicate-key,unnecessary-semicolon,global-variable-not-assigned,unused-variable,unused-wildcard-import,binary-op-exception,bad-format-string,anomalous-backslash-in-string,bad-open-mode,E0001,E0011,E0012,E0100,E0101,E0102,E0103,E0104,E0105,E0107,E0108,E0110,E0111,E0112,E0113,E0114,E0115,E0116,E0117,E0118,E0202,E0203,E0211,E0213,E0236,E0237,E0238,E0239,E0240,E0241,E0301,E0302,E0303,E0401,E0402,E0601,E0602,E0603,E0604,E0611,E0632,E0633,E0701,E0702,E0703,E0704,E0710,E0711,E0712,E1003,E1101,E1102,E1111,E1120,E1121,E1123,E1124,E1125,E1126,E1127,E1128,E1129,E1130,E1131,E1132,E1133,E1134,E1135,E1136,E1137,E1138,E1139,E1200,E1201,E1205,E1206,E1300,E1301,E1302,E1303,E1304,E1305,E1306,E1310,E1700,E1701 --msg-template='{line},{column},{category},{symbol}:{msg}' --reports=n --output-format=text /home/dusan/projs/JE/djangoweather/weather/weather/urls.py
cwd: /home/dusan/projs/JE/djangoweather
> /usr/bin/python3 ~/.vscode/extensions/ms-python.python-2020.9.114305/pythonFiles/pyvsc-run-isolated.py pylint --disable=all --enable=F,unreachable,duplicate-key,unnecessary-semicolon,global-variable-not-assigned,unused-variable,unused-wildcard-import,binary-op-exception,bad-format-string,anomalous-backslash-in-string,bad-open-mode,E0001,E0011,E0012,E0100,E0101,E0102,E0103,E0104,E0105,E0107,E0108,E0110,E0111,E0112,E0113,E0114,E0115,E0116,E0117,E0118,E0202,E0203,E0211,E0213,E0236,E0237,E0238,E0239,E0240,E0241,E0301,E0302,E0303,E0401,E0402,E0601,E0602,E0603,E0604,E0611,E0632,E0633,E0701,E0702,E0703,E0704,E0710,E0711,E0712,E1003,E1101,E1102,E1111,E1120,E1121,E1123,E1124,E1125,E1126,E1127,E1128,E1129,E1130,E1131,E1132,E1133,E1134,E1135,E1136,E1137,E1138,E1139,E1200,E1201,E1205,E1206,E1300,E1301,E1302,E1303,E1304,E1305,E1306,E1310,E1700,E1701 --msg-template='{line},{column},{category},{symbol}:{msg}' --reports=n --output-format=text /home/dusan/projs/JE/djangoweather/weather/weather/urls.py
cwd: /home/dusan/projs/JE/djangoweather
##########Linting Output - pylint##########
************* Module weather.urls
16,0,error,import-error:Unable to import 'django.contrib'
17,0,error,import-error:Unable to import 'django.urls'

-------------------------------------
Your code has been rated at -23.33/10

> /usr/bin/python3 ~/.vscode/extensions/ms-python.python-2020.9.114305/pythonFiles/pyvsc-run-isolated.py pylint --disable=all --enable=F,unreachable,duplicate-key,unnecessary-semicolon,global-variable-not-assigned,unused-variable,unused-wildcard-import,binary-op-exception,bad-format-string,anomalous-backslash-in-string,bad-open-mode,E0001,E0011,E0012,E0100,E0101,E0102,E0103,E0104,E0105,E0107,E0108,E0110,E0111,E0112,E0113,E0114,E0115,E0116,E0117,E0118,E0202,E0203,E0211,E0213,E0236,E0237,E0238,E0239,E0240,E0241,E0301,E0302,E0303,E0401,E0402,E0601,E0602,E0603,E0604,E0611,E0632,E0633,E0701,E0702,E0703,E0704,E0710,E0711,E0712,E1003,E1101,E1102,E1111,E1120,E1121,E1123,E1124,E1125,E1126,E1127,E1128,E1129,E1130,E1131,E1132,E1133,E1134,E1135,E1136,E1137,E1138,E1139,E1200,E1201,E1205,E1206,E1300,E1301,E1302,E1303,E1304,E1305,E1306,E1310,E1700,E1701 --msg-template='{line},{column},{category},{symbol}:{msg}' --reports=n --output-format=text /home/dusan/projs/JE/djangoweather/weather/lookup/urls.py
cwd: /home/dusan/projs/JE/djangoweather
> /usr/bin/python3 ~/.vscode/extensions/ms-python.python-2020.9.114305/pythonFiles/pyvsc-run-isolated.py pylint --disable=all --enable=F,unreachable,duplicate-key,unnecessary-semicolon,global-variable-not-assigned,unused-variable,unused-wildcard-import,binary-op-exception,bad-format-string,anomalous-backslash-in-string,bad-open-mode,E0001,E0011,E0012,E0100,E0101,E0102,E0103,E0104,E0105,E0107,E0108,E0110,E0111,E0112,E0113,E0114,E0115,E0116,E0117,E0118,E0202,E0203,E0211,E0213,E0236,E0237,E0238,E0239,E0240,E0241,E0301,E0302,E0303,E0401,E0402,E0601,E0602,E0603,E0604,E0611,E0632,E0633,E0701,E0702,E0703,E0704,E0710,E0711,E0712,E1003,E1101,E1102,E1111,E1120,E1121,E1123,E1124,E1125,E1126,E1127,E1128,E1129,E1130,E1131,E1132,E1133,E1134,E1135,E1136,E1137,E1138,E1139,E1200,E1201,E1205,E1206,E1300,E1301,E1302,E1303,E1304,E1305,E1306,E1310,E1700,E1701 --msg-template='{line},{column},{category},{symbol}:{msg}' --reports=n --output-format=text /home/dusan/projs/JE/djangoweather/weather/lookup/urls.py
cwd: /home/dusan/projs/JE/djangoweather
##########Linting Output - pylint##########
> /usr/bin/python3 ~/.vscode/extensions/ms-python.python-2020.9.114305/pythonFiles/pyvsc-run-isolated.py pylint --disable=all --enable=F,unreachable,duplicate-key,unnecessary-semicolon,global-variable-not-assigned,unused-variable,unused-wildcard-import,binary-op-exception,bad-format-string,anomalous-backslash-in-string,bad-open-mode,E0001,E0011,E0012,E0100,E0101,E0102,E0103,E0104,E0105,E0107,E0108,E0110,E0111,E0112,E0113,E0114,E0115,E0116,E0117,E0118,E0202,E0203,E0211,E0213,E0236,E0237,E0238,E0239,E0240,E0241,E0301,E0302,E0303,E0401,E0402,E0601,E0602,E0603,E0604,E0611,E0632,E0633,E0701,E0702,E0703,E0704,E0710,E0711,E0712,E1003,E1101,E1102,E1111,E1120,E1121,E1123,E1124,E1125,E1126,E1127,E1128,E1129,E1130,E1131,E1132,E1133,E1134,E1135,E1136,E1137,E1138,E1139,E1200,E1201,E1205,E1206,E1300,E1301,E1302,E1303,E1304,E1305,E1306,E1310,E1700,E1701 --msg-template='{line},{column},{category},{symbol}:{msg}' --reports=n --output-format=text /home/dusan/projs/JE/djangoweather/weather/lookup/urls.py
cwd: /home/dusan/projs/JE/djangoweather
> /usr/bin/python3 ~/.vscode/extensions/ms-python.python-2020.9.114305/pythonFiles/pyvsc-run-isolated.py pylint --disable=all --enable=F,unreachable,duplicate-key,unnecessary-semicolon,global-variable-not-assigned,unused-variable,unused-wildcard-import,binary-op-exception,bad-format-string,anomalous-backslash-in-string,bad-open-mode,E0001,E0011,E0012,E0100,E0101,E0102,E0103,E0104,E0105,E0107,E0108,E0110,E0111,E0112,E0113,E0114,E0115,E0116,E0117,E0118,E0202,E0203,E0211,E0213,E0236,E0237,E0238,E0239,E0240,E0241,E0301,E0302,E0303,E0401,E0402,E0601,E0602,E0603,E0604,E0611,E0632,E0633,E0701,E0702,E0703,E0704,E0710,E0711,E0712,E1003,E1101,E1102,E1111,E1120,E1121,E1123,E1124,E1125,E1126,E1127,E1128,E1129,E1130,E1131,E1132,E1133,E1134,E1135,E1136,E1137,E1138,E1139,E1200,E1201,E1205,E1206,E1300,E1301,E1302,E1303,E1304,E1305,E1306,E1310,E1700,E1701 --msg-template='{line},{column},{category},{symbol}:{msg}' --reports=n --output-format=text /home/dusan/projs/JE/djangoweather/weather/lookup/urls.py
cwd: /home/dusan/projs/JE/djangoweather
##########Linting Output - pylint##########
************* Module lookup.urls
1,0,error,import-error:Unable to import 'django.contrib'
2,0,error,import-error:Unable to import 'django.urls'

-------------------------------------
Your code has been rated at -23.33/10

Error 2020-10-23 12:29:31: stderr jediProxy Error (stderr) /root/.vscode/extensions/ms-python.python-2020.9.114305/pythonFiles/completion.py:592: DeprecationWarning: Providing the line is now done in the functions themselves like `Script(...).complete(line, column)`
  script = jedi.Script(
/root/.vscode/extensions/ms-python.python-2020.9.114305/pythonFiles/completion.py:592: DeprecationWarning: Providing the column is now done in the functions themselves like `Script(...).complete(line, column)`
  script = jedi.Script(
/root/.vscode/extensions/ms-python.python-2020.9.114305/pythonFiles/completion.py:592: DeprecationWarning: Use the code keyword argument instead.
  script = jedi.Script(
/root/.vscode/extensions/ms-python.python-2020.9.114305/pythonFiles/completion.py:592: DeprecationWarning: Deprecated since version 0.17.0. Use the project API instead, which means Script(project=Project(dir, sys_path=sys_path)) instead.
  script = jedi.Script(
/root/.vscode/extensions/ms-python.python-2020.9.114305/pythonFiles/completion.py:144: DeprecationWarning: Deprecated since version 0.16.0. Use Script(...).get_signatures instead.
  call_signatures = script.call_signatures()

Error 2020-10-23 12:29:32: stderr jediProxy Error (stderr) /root/.vscode/extensions/ms-python.python-2020.9.114305/pythonFiles/completion.py:105: DeprecationWarning: Deprecated since version 0.16.0. Use Script(...).get_signatures instead.
  call_signatures = script.call_signatures()
/root/.vscode/extensions/ms-python.python-2020.9.114305/pythonFiles/completion.py:230: DeprecationWarning: Deprecated since version 0.16.0. Use Script(...).complete instead.
  completions = script.completions()

> /usr/bin/python3 ~/.vscode/extensions/ms-python.python-2020.9.114305/pythonFiles/pyvsc-run-isolated.py pylint --disable=all --enable=F,unreachable,duplicate-key,unnecessary-semicolon,global-variable-not-assigned,unused-variable,unused-wildcard-import,binary-op-exception,bad-format-string,anomalous-backslash-in-string,bad-open-mode,E0001,E0011,E0012,E0100,E0101,E0102,E0103,E0104,E0105,E0107,E0108,E0110,E0111,E0112,E0113,E0114,E0115,E0116,E0117,E0118,E0202,E0203,E0211,E0213,E0236,E0237,E0238,E0239,E0240,E0241,E0301,E0302,E0303,E0401,E0402,E0601,E0602,E0603,E0604,E0611,E0632,E0633,E0701,E0702,E0703,E0704,E0710,E0711,E0712,E1003,E1101,E1102,E1111,E1120,E1121,E1123,E1124,E1125,E1126,E1127,E1128,E1129,E1130,E1131,E1132,E1133,E1134,E1135,E1136,E1137,E1138,E1139,E1200,E1201,E1205,E1206,E1300,E1301,E1302,E1303,E1304,E1305,E1306,E1310,E1700,E1701 --msg-template='{line},{column},{category},{symbol}:{msg}' --reports=n --output-format=text /home/dusan/projs/JE/djangoweather/weather/lookup/urls.py
cwd: /home/dusan/projs/JE/djangoweather
> /usr/bin/python3 ~/.vscode/extensions/ms-python.python-2020.9.114305/pythonFiles/pyvsc-run-isolated.py pylint --disable=all --enable=F,unreachable,duplicate-key,unnecessary-semicolon,global-variable-not-assigned,unused-variable,unused-wildcard-import,binary-op-exception,bad-format-string,anomalous-backslash-in-string,bad-open-mode,E0001,E0011,E0012,E0100,E0101,E0102,E0103,E0104,E0105,E0107,E0108,E0110,E0111,E0112,E0113,E0114,E0115,E0116,E0117,E0118,E0202,E0203,E0211,E0213,E0236,E0237,E0238,E0239,E0240,E0241,E0301,E0302,E0303,E0401,E0402,E0601,E0602,E0603,E0604,E0611,E0632,E0633,E0701,E0702,E0703,E0704,E0710,E0711,E0712,E1003,E1101,E1102,E1111,E1120,E1121,E1123,E1124,E1125,E1126,E1127,E1128,E1129,E1130,E1131,E1132,E1133,E1134,E1135,E1136,E1137,E1138,E1139,E1200,E1201,E1205,E1206,E1300,E1301,E1302,E1303,E1304,E1305,E1306,E1310,E1700,E1701 --msg-template='{line},{column},{category},{symbol}:{msg}' --reports=n --output-format=text /home/dusan/projs/JE/djangoweather/weather/lookup/urls.py
cwd: /home/dusan/projs/JE/djangoweather
##########Linting Output - pylint##########
************* Module lookup.urls
1,0,error,import-error:Unable to import 'django.contrib'
2,0,error,import-error:Unable to import 'django.urls'

----------------------------------------------------------------------
Your code has been rated at -23.33/10 (previous run: -23.33/10, +0.00)

> /usr/bin/python3 ~/.vscode/extensions/ms-python.python-2020.9.114305/pythonFiles/pyvsc-run-isolated.py pylint --disable=all --enable=F,unreachable,duplicate-key,unnecessary-semicolon,global-variable-not-assigned,unused-variable,unused-wildcard-import,binary-op-exception,bad-format-string,anomalous-backslash-in-string,bad-open-mode,E0001,E0011,E0012,E0100,E0101,E0102,E0103,E0104,E0105,E0107,E0108,E0110,E0111,E0112,E0113,E0114,E0115,E0116,E0117,E0118,E0202,E0203,E0211,E0213,E0236,E0237,E0238,E0239,E0240,E0241,E0301,E0302,E0303,E0401,E0402,E0601,E0602,E0603,E0604,E0611,E0632,E0633,E0701,E0702,E0703,E0704,E0710,E0711,E0712,E1003,E1101,E1102,E1111,E1120,E1121,E1123,E1124,E1125,E1126,E1127,E1128,E1129,E1130,E1131,E1132,E1133,E1134,E1135,E1136,E1137,E1138,E1139,E1200,E1201,E1205,E1206,E1300,E1301,E1302,E1303,E1304,E1305,E1306,E1310,E1700,E1701 --msg-template='{line},{column},{category},{symbol}:{msg}' --reports=n --output-format=text /home/dusan/projs/JE/djangoweather/weather/lookup/urls.py
cwd: /home/dusan/projs/JE/djangoweather
> /usr/bin/python3 ~/.vscode/extensions/ms-python.python-2020.9.114305/pythonFiles/pyvsc-run-isolated.py pylint --disable=all --enable=F,unreachable,duplicate-key,unnecessary-semicolon,global-variable-not-assigned,unused-variable,unused-wildcard-import,binary-op-exception,bad-format-string,anomalous-backslash-in-string,bad-open-mode,E0001,E0011,E0012,E0100,E0101,E0102,E0103,E0104,E0105,E0107,E0108,E0110,E0111,E0112,E0113,E0114,E0115,E0116,E0117,E0118,E0202,E0203,E0211,E0213,E0236,E0237,E0238,E0239,E0240,E0241,E0301,E0302,E0303,E0401,E0402,E0601,E0602,E0603,E0604,E0611,E0632,E0633,E0701,E0702,E0703,E0704,E0710,E0711,E0712,E1003,E1101,E1102,E1111,E1120,E1121,E1123,E1124,E1125,E1126,E1127,E1128,E1129,E1130,E1131,E1132,E1133,E1134,E1135,E1136,E1137,E1138,E1139,E1200,E1201,E1205,E1206,E1300,E1301,E1302,E1303,E1304,E1305,E1306,E1310,E1700,E1701 --msg-template='{line},{column},{category},{symbol}:{msg}' --reports=n --output-format=text /home/dusan/projs/JE/djangoweather/weather/lookup/urls.py
cwd: /home/dusan/projs/JE/djangoweather
##########Linting Output - pylint##########
************* Module lookup.urls
1,0,error,import-error:Unable to import 'django.contrib'
2,0,error,import-error:Unable to import 'django.urls'

----------------------------------------------------------------------
Your code has been rated at -23.33/10 (previous run: -23.33/10, +0.00)

Error 2020-10-23 12:30:09: stderr jediProxy Error (stderr) /root/.vscode/extensions/ms-python.python-2020.9.114305/pythonFiles/completion.py:626: DeprecationWarning: Deprecated since version 0.16.0. Use Script(...).infer instead.
  script.goto_definitions(), request["id"]

> /usr/bin/python3 ~/.vscode/extensions/ms-python.python-2020.9.114305/pythonFiles/pyvsc-run-isolated.py pylint --disable=all --enable=F,unreachable,duplicate-key,unnecessary-semicolon,global-variable-not-assigned,unused-variable,unused-wildcard-import,binary-op-exception,bad-format-string,anomalous-backslash-in-string,bad-open-mode,E0001,E0011,E0012,E0100,E0101,E0102,E0103,E0104,E0105,E0107,E0108,E0110,E0111,E0112,E0113,E0114,E0115,E0116,E0117,E0118,E0202,E0203,E0211,E0213,E0236,E0237,E0238,E0239,E0240,E0241,E0301,E0302,E0303,E0401,E0402,E0601,E0602,E0603,E0604,E0611,E0632,E0633,E0701,E0702,E0703,E0704,E0710,E0711,E0712,E1003,E1101,E1102,E1111,E1120,E1121,E1123,E1124,E1125,E1126,E1127,E1128,E1129,E1130,E1131,E1132,E1133,E1134,E1135,E1136,E1137,E1138,E1139,E1200,E1201,E1205,E1206,E1300,E1301,E1302,E1303,E1304,E1305,E1306,E1310,E1700,E1701 --msg-template='{line},{column},{category},{symbol}:{msg}' --reports=n --output-format=text /home/dusan/projs/JE/djangoweather/weather/weather/urls.py
cwd: /home/dusan/projs/JE/djangoweather
> /usr/bin/python3 ~/.vscode/extensions/ms-python.python-2020.9.114305/pythonFiles/pyvsc-run-isolated.py pylint --disable=all --enable=F,unreachable,duplicate-key,unnecessary-semicolon,global-variable-not-assigned,unused-variable,unused-wildcard-import,binary-op-exception,bad-format-string,anomalous-backslash-in-string,bad-open-mode,E0001,E0011,E0012,E0100,E0101,E0102,E0103,E0104,E0105,E0107,E0108,E0110,E0111,E0112,E0113,E0114,E0115,E0116,E0117,E0118,E0202,E0203,E0211,E0213,E0236,E0237,E0238,E0239,E0240,E0241,E0301,E0302,E0303,E0401,E0402,E0601,E0602,E0603,E0604,E0611,E0632,E0633,E0701,E0702,E0703,E0704,E0710,E0711,E0712,E1003,E1101,E1102,E1111,E1120,E1121,E1123,E1124,E1125,E1126,E1127,E1128,E1129,E1130,E1131,E1132,E1133,E1134,E1135,E1136,E1137,E1138,E1139,E1200,E1201,E1205,E1206,E1300,E1301,E1302,E1303,E1304,E1305,E1306,E1310,E1700,E1701 --msg-template='{line},{column},{category},{symbol}:{msg}' --reports=n --output-format=text /home/dusan/projs/JE/djangoweather/weather/weather/urls.py
cwd: /home/dusan/projs/JE/djangoweather
##########Linting Output - pylint##########
************* Module weather.urls
16,0,error,import-error:Unable to import 'django.contrib'
17,0,error,import-error:Unable to import 'django.urls'

----------------------------------------------------------------------
Your code has been rated at -23.33/10 (previous run: -23.33/10, +0.00)

> /usr/bin/python3 ~/.vscode/extensions/ms-python.python-2020.9.114305/pythonFiles/pyvsc-run-isolated.py pylint --disable=all --enable=F,unreachable,duplicate-key,unnecessary-semicolon,global-variable-not-assigned,unused-variable,unused-wildcard-import,binary-op-exception,bad-format-string,anomalous-backslash-in-string,bad-open-mode,E0001,E0011,E0012,E0100,E0101,E0102,E0103,E0104,E0105,E0107,E0108,E0110,E0111,E0112,E0113,E0114,E0115,E0116,E0117,E0118,E0202,E0203,E0211,E0213,E0236,E0237,E0238,E0239,E0240,E0241,E0301,E0302,E0303,E0401,E0402,E0601,E0602,E0603,E0604,E0611,E0632,E0633,E0701,E0702,E0703,E0704,E0710,E0711,E0712,E1003,E1101,E1102,E1111,E1120,E1121,E1123,E1124,E1125,E1126,E1127,E1128,E1129,E1130,E1131,E1132,E1133,E1134,E1135,E1136,E1137,E1138,E1139,E1200,E1201,E1205,E1206,E1300,E1301,E1302,E1303,E1304,E1305,E1306,E1310,E1700,E1701 --msg-template='{line},{column},{category},{symbol}:{msg}' --reports=n --output-format=text /home/dusan/projs/JE/djangoweather/weather/lookup/views.py
cwd: /home/dusan/projs/JE/djangoweather
> /usr/bin/python3 ~/.vscode/extensions/ms-python.python-2020.9.114305/pythonFiles/pyvsc-run-isolated.py pylint --disable=all --enable=F,unreachable,duplicate-key,unnecessary-semicolon,global-variable-not-assigned,unused-variable,unused-wildcard-import,binary-op-exception,bad-format-string,anomalous-backslash-in-string,bad-open-mode,E0001,E0011,E0012,E0100,E0101,E0102,E0103,E0104,E0105,E0107,E0108,E0110,E0111,E0112,E0113,E0114,E0115,E0116,E0117,E0118,E0202,E0203,E0211,E0213,E0236,E0237,E0238,E0239,E0240,E0241,E0301,E0302,E0303,E0401,E0402,E0601,E0602,E0603,E0604,E0611,E0632,E0633,E0701,E0702,E0703,E0704,E0710,E0711,E0712,E1003,E1101,E1102,E1111,E1120,E1121,E1123,E1124,E1125,E1126,E1127,E1128,E1129,E1130,E1131,E1132,E1133,E1134,E1135,E1136,E1137,E1138,E1139,E1200,E1201,E1205,E1206,E1300,E1301,E1302,E1303,E1304,E1305,E1306,E1310,E1700,E1701 --msg-template='{line},{column},{category},{symbol}:{msg}' --reports=n --output-format=text /home/dusan/projs/JE/djangoweather/weather/lookup/views.py
cwd: /home/dusan/projs/JE/djangoweather
##########Linting Output - pylint##########
************* Module lookup.views
1,0,error,import-error:Unable to import 'django.shortcuts'

-------------------------------------
Your code has been rated at -40.00/10

Error 2020-10-23 12:44:40: stderr jediProxy Error (stderr) /root/.vscode/extensions/ms-python.python-2020.9.114305/pythonFiles/completion.py:592: DeprecationWarning: Providing the line is now done in the functions themselves like `Script(...).complete(line, column)`
  script = jedi.Script(
/root/.vscode/extensions/ms-python.python-2020.9.114305/pythonFiles/completion.py:592: DeprecationWarning: Providing the column is now done in the functions themselves like `Script(...).complete(line, column)`
  script = jedi.Script(
/root/.vscode/extensions/ms-python.python-2020.9.114305/pythonFiles/completion.py:592: DeprecationWarning: Use the code keyword argument instead.
  script = jedi.Script(

Error 2020-10-23 12:44:40: stderr jediProxy Error (stderr) /root/.vscode/extensions/ms-python.python-2020.9.114305/pythonFiles/completion.py:592: DeprecationWarning: Deprecated since version 0.17.0. Use the project API instead, which means Script(project=Project(dir, sys_path=sys_path)) instead.
  script = jedi.Script(

Error 2020-10-23 12:44:40: stderr jediProxy Error (stderr) /root/.vscode/extensions/ms-python.python-2020.9.114305/pythonFiles/completion.py:105: DeprecationWarning: Deprecated since version 0.16.0. Use Script(...).get_signatures instead.
  call_signatures = script.call_signatures()

Error 2020-10-23 12:44:40: stderr jediProxy Error (stderr) /root/.vscode/extensions/ms-python.python-2020.9.114305/pythonFiles/completion.py:230: DeprecationWarning: Deprecated since version 0.16.0. Use Script(...).complete instead.
  completions = script.completions()

Error 2020-10-23 12:44:40: stderr jediProxy Error (stderr) /root/.vscode/extensions/ms-python.python-2020.9.114305/pythonFiles/completion.py:626: DeprecationWarning: Deprecated since version 0.16.0. Use Script(...).infer instead.
  script.goto_definitions(), request["id"]

Error 2020-10-23 12:44:42: stderr jediProxy Error (stderr) /root/.vscode/extensions/ms-python.python-2020.9.114305/pythonFiles/completion.py:584: DeprecationWarning: Deprecated since version 0.16.0. Use Script(...).get_names instead.
  jedi.api.names(

Error 2020-10-23 12:44:45: stderr jediProxy Error (stderr) /root/.vscode/extensions/ms-python.python-2020.9.114305/pythonFiles/completion.py:592: DeprecationWarning: Providing the line is now done in the functions themselves like `Script(...).complete(line, column)`
  script = jedi.Script(
/root/.vscode/extensions/ms-python.python-2020.9.114305/pythonFiles/completion.py:592: DeprecationWarning: Providing the column is now done in the functions themselves like `Script(...).complete(line, column)`
  script = jedi.Script(
/root/.vscode/extensions/ms-python.python-2020.9.114305/pythonFiles/completion.py:592: DeprecationWarning: Use the code keyword argument instead.
  script = jedi.Script(
/root/.vscode/extensions/ms-python.python-2020.9.114305/pythonFiles/completion.py:592: DeprecationWarning: Deprecated since version 0.17.0. Use the project API instead, which means Script(project=Project(dir, sys_path=sys_path)) instead.
  script = jedi.Script(
/root/.vscode/extensions/ms-python.python-2020.9.114305/pythonFiles/completion.py:144: DeprecationWarning: Deprecated since version 0.16.0. Use Script(...).get_signatures instead.
  call_signatures = script.call_signatures()

Error 2020-10-23 12:44:45: stderr jediProxy Error (stderr) /root/.vscode/extensions/ms-python.python-2020.9.114305/pythonFiles/completion.py:105: DeprecationWarning: Deprecated since version 0.16.0. Use Script(...).get_signatures instead.
  call_signatures = script.call_signatures()

Error 2020-10-23 12:44:45: stderr jediProxy Error (stderr) /root/.vscode/extensions/ms-python.python-2020.9.114305/pythonFiles/completion.py:230: DeprecationWarning: Deprecated since version 0.16.0. Use Script(...).complete instead.
  completions = script.completions()

Error 2020-10-23 12:44:45: stderr jediProxy Error (stderr) /root/.vscode/extensions/ms-python.python-2020.9.114305/pythonFiles/completion.py:626: DeprecationWarning: Deprecated since version 0.16.0. Use Script(...).infer instead.
  script.goto_definitions(), request["id"]

Error 2020-10-23 12:44:46: stderr jediProxy Error (stderr) /root/.vscode/extensions/ms-python.python-2020.9.114305/pythonFiles/completion.py:592: DeprecationWarning: Providing the line is now done in the functions themselves like `Script(...).complete(line, column)`
  script = jedi.Script(
/root/.vscode/extensions/ms-python.python-2020.9.114305/pythonFiles/completion.py:592: DeprecationWarning: Providing the column is now done in the functions themselves like `Script(...).complete(line, column)`
  script = jedi.Script(
/root/.vscode/extensions/ms-python.python-2020.9.114305/pythonFiles/completion.py:592: DeprecationWarning: Use the code keyword argument instead.
  script = jedi.Script(
/root/.vscode/extensions/ms-python.python-2020.9.114305/pythonFiles/completion.py:592: DeprecationWarning: Deprecated since version 0.17.0. Use the project API instead, which means Script(project=Project(dir, sys_path=sys_path)) instead.
  script = jedi.Script(
/root/.vscode/extensions/ms-python.python-2020.9.114305/pythonFiles/completion.py:626: DeprecationWarning: Deprecated since version 0.16.0. Use Script(...).infer instead.
  script.goto_definitions(), request["id"]

Error 2020-10-23 12:44:46: stderr jediProxy Error (stderr) /root/.vscode/extensions/ms-python.python-2020.9.114305/pythonFiles/completion.py:592: DeprecationWarning: Providing the line is now done in the functions themselves like `Script(...).complete(line, column)`
  script = jedi.Script(

Error 2020-10-23 12:44:46: stderr jediProxy Error (stderr) /root/.vscode/extensions/ms-python.python-2020.9.114305/pythonFiles/completion.py:592: DeprecationWarning: Providing the column is now done in the functions themselves like `Script(...).complete(line, column)`
  script = jedi.Script(

Error 2020-10-23 12:44:46: stderr jediProxy Error (stderr) /root/.vscode/extensions/ms-python.python-2020.9.114305/pythonFiles/completion.py:592: DeprecationWarning: Use the code keyword argument instead.
  script = jedi.Script(

Error 2020-10-23 12:44:46: stderr jediProxy Error (stderr) /root/.vscode/extensions/ms-python.python-2020.9.114305/pythonFiles/completion.py:592: DeprecationWarning: Deprecated since version 0.17.0. Use the project API instead, which means Script(project=Project(dir, sys_path=sys_path)) instead.
  script = jedi.Script(

Error 2020-10-23 12:44:46: stderr jediProxy Error (stderr) /root/.vscode/extensions/ms-python.python-2020.9.114305/pythonFiles/completion.py:626: DeprecationWarning: Deprecated since version 0.16.0. Use Script(...).infer instead.
  script.goto_definitions(), request["id"]

Error 2020-10-23 12:44:46: stderr jediProxy Error (stderr) /root/.vscode/extensions/ms-python.python-2020.9.114305/pythonFiles/completion.py:592: DeprecationWarning: Providing the line is now done in the functions themselves like `Script(...).complete(line, column)`
  script = jedi.Script(
/root/.vscode/extensions/ms-python.python-2020.9.114305/pythonFiles/completion.py:592: DeprecationWarning: Providing the column is now done in the functions themselves like `Script(...).complete(line, column)`
  script = jedi.Script(
/root/.vscode/extensions/ms-python.python-2020.9.114305/pythonFiles/completion.py:592: DeprecationWarning: Use the code keyword argument instead.
  script = jedi.Script(
/root/.vscode/extensions/ms-python.python-2020.9.114305/pythonFiles/completion.py:592: DeprecationWarning: Deprecated since version 0.17.0. Use the project API instead, which means Script(project=Project(dir, sys_path=sys_path)) instead.
  script = jedi.Script(
/root/.vscode/extensions/ms-python.python-2020.9.114305/pythonFiles/completion.py:626: DeprecationWarning: Deprecated since version 0.16.0. Use Script(...).infer instead.
  script.goto_definitions(), request["id"]

Error 2020-10-23 12:44:46: stderr jediProxy Error (stderr) /root/.vscode/extensions/ms-python.python-2020.9.114305/pythonFiles/completion.py:592: DeprecationWarning: Providing the line is now done in the functions themselves like `Script(...).complete(line, column)`
  script = jedi.Script(
/root/.vscode/extensions/ms-python.python-2020.9.114305/pythonFiles/completion.py:592: DeprecationWarning: Providing the column is now done in the functions themselves like `Script(...).complete(line, column)`
  script = jedi.Script(
/root/.vscode/extensions/ms-python.python-2020.9.114305/pythonFiles/completion.py:592: DeprecationWarning: Use the code keyword argument instead.
  script = jedi.Script(
/root/.vscode/extensions/ms-python.python-2020.9.114305/pythonFiles/completion.py:592: DeprecationWarning: Deprecated since version 0.17.0. Use the project API instead, which means Script(project=Project(dir, sys_path=sys_path)) instead.
  script = jedi.Script(

Error 2020-10-23 12:44:46: stderr jediProxy Error (stderr) /root/.vscode/extensions/ms-python.python-2020.9.114305/pythonFiles/completion.py:626: DeprecationWarning: Deprecated since version 0.16.0. Use Script(...).infer instead.
  script.goto_definitions(), request["id"]

Error 2020-10-23 12:44:47: stderr jediProxy Error (stderr) /root/.vscode/extensions/ms-python.python-2020.9.114305/pythonFiles/completion.py:584: DeprecationWarning: Deprecated since version 0.16.0. Use Script(...).get_names instead.
  jedi.api.names(

Error 2020-10-23 12:44:49: stderr jediProxy Error (stderr) /root/.vscode/extensions/ms-python.python-2020.9.114305/pythonFiles/completion.py:592: DeprecationWarning: Providing the line is now done in the functions themselves like `Script(...).complete(line, column)`
  script = jedi.Script(
/root/.vscode/extensions/ms-python.python-2020.9.114305/pythonFiles/completion.py:592: DeprecationWarning: Providing the column is now done in the functions themselves like `Script(...).complete(line, column)`
  script = jedi.Script(
/root/.vscode/extensions/ms-python.python-2020.9.114305/pythonFiles/completion.py:592: DeprecationWarning: Use the code keyword argument instead.
  script = jedi.Script(
/root/.vscode/extensions/ms-python.python-2020.9.114305/pythonFiles/completion.py:592: DeprecationWarning: Deprecated since version 0.17.0. Use the project API instead, which means Script(project=Project(dir, sys_path=sys_path)) instead.
  script = jedi.Script(
/root/.vscode/extensions/ms-python.python-2020.9.114305/pythonFiles/completion.py:144: DeprecationWarning: Deprecated since version 0.16.0. Use Script(...).get_signatures instead.
  call_signatures = script.call_signatures()

Error 2020-10-23 12:44:51: stderr jediProxy Error (stderr) /root/.vscode/extensions/ms-python.python-2020.9.114305/pythonFiles/completion.py:584: DeprecationWarning: Deprecated since version 0.16.0. Use Script(...).get_names instead.
  jedi.api.names(

Error 2020-10-23 12:44:53: stderr jediProxy Error (stderr) /root/.vscode/extensions/ms-python.python-2020.9.114305/pythonFiles/completion.py:584: DeprecationWarning: Deprecated since version 0.16.0. Use Script(...).get_names instead.
  jedi.api.names(

Error 2020-10-23 12:44:55: stderr jediProxy Error (stderr) /root/.vscode/extensions/ms-python.python-2020.9.114305/pythonFiles/completion.py:584: DeprecationWarning: Deprecated since version 0.16.0. Use Script(...).get_names instead.
  jedi.api.names(

Error 2020-10-23 12:44:58: stderr jediProxy Error (stderr) /root/.vscode/extensions/ms-python.python-2020.9.114305/pythonFiles/completion.py:592: DeprecationWarning: Providing the line is now done in the functions themselves like `Script(...).complete(line, column)`
  script = jedi.Script(
/root/.vscode/extensions/ms-python.python-2020.9.114305/pythonFiles/completion.py:592: DeprecationWarning: Providing the column is now done in the functions themselves like `Script(...).complete(line, column)`
  script = jedi.Script(

Error 2020-10-23 12:44:58: stderr jediProxy Error (stderr) /root/.vscode/extensions/ms-python.python-2020.9.114305/pythonFiles/completion.py:592: DeprecationWarning: Use the code keyword argument instead.
  script = jedi.Script(
/root/.vscode/extensions/ms-python.python-2020.9.114305/pythonFiles/completion.py:592: DeprecationWarning: Deprecated since version 0.17.0. Use the project API instead, which means Script(project=Project(dir, sys_path=sys_path)) instead.
  script = jedi.Script(

Error 2020-10-23 12:44:58: stderr jediProxy Error (stderr) /root/.vscode/extensions/ms-python.python-2020.9.114305/pythonFiles/completion.py:144: DeprecationWarning: Deprecated since version 0.16.0. Use Script(...).get_signatures instead.
  call_signatures = script.call_signatures()

Error 2020-10-23 12:44:59: stderr jediProxy Error (stderr) /root/.vscode/extensions/ms-python.python-2020.9.114305/pythonFiles/completion.py:584: DeprecationWarning: Deprecated since version 0.16.0. Use Script(...).get_names instead.
  jedi.api.names(

Error 2020-10-23 12:45:00: stderr jediProxy Error (stderr) /root/.vscode/extensions/ms-python.python-2020.9.114305/pythonFiles/completion.py:584: DeprecationWarning: Deprecated since version 0.16.0. Use Script(...).get_names instead.
  jedi.api.names(

> /usr/bin/python3 ~/.vscode/extensions/ms-python.python-2020.9.114305/pythonFiles/pyvsc-run-isolated.py pylint --disable=all --enable=F,unreachable,duplicate-key,unnecessary-semicolon,global-variable-not-assigned,unused-variable,unused-wildcard-import,binary-op-exception,bad-format-string,anomalous-backslash-in-string,bad-open-mode,E0001,E0011,E0012,E0100,E0101,E0102,E0103,E0104,E0105,E0107,E0108,E0110,E0111,E0112,E0113,E0114,E0115,E0116,E0117,E0118,E0202,E0203,E0211,E0213,E0236,E0237,E0238,E0239,E0240,E0241,E0301,E0302,E0303,E0401,E0402,E0601,E0602,E0603,E0604,E0611,E0632,E0633,E0701,E0702,E0703,E0704,E0710,E0711,E0712,E1003,E1101,E1102,E1111,E1120,E1121,E1123,E1124,E1125,E1126,E1127,E1128,E1129,E1130,E1131,E1132,E1133,E1134,E1135,E1136,E1137,E1138,E1139,E1200,E1201,E1205,E1206,E1300,E1301,E1302,E1303,E1304,E1305,E1306,E1310,E1700,E1701 --msg-template='{line},{column},{category},{symbol}:{msg}' --reports=n --output-format=text /home/dusan/projs/JE/djangoweather/weather/lookup/views.py
cwd: /home/dusan/projs/JE/djangoweather
> /usr/bin/python3 ~/.vscode/extensions/ms-python.python-2020.9.114305/pythonFiles/pyvsc-run-isolated.py pylint --disable=all --enable=F,unreachable,duplicate-key,unnecessary-semicolon,global-variable-not-assigned,unused-variable,unused-wildcard-import,binary-op-exception,bad-format-string,anomalous-backslash-in-string,bad-open-mode,E0001,E0011,E0012,E0100,E0101,E0102,E0103,E0104,E0105,E0107,E0108,E0110,E0111,E0112,E0113,E0114,E0115,E0116,E0117,E0118,E0202,E0203,E0211,E0213,E0236,E0237,E0238,E0239,E0240,E0241,E0301,E0302,E0303,E0401,E0402,E0601,E0602,E0603,E0604,E0611,E0632,E0633,E0701,E0702,E0703,E0704,E0710,E0711,E0712,E1003,E1101,E1102,E1111,E1120,E1121,E1123,E1124,E1125,E1126,E1127,E1128,E1129,E1130,E1131,E1132,E1133,E1134,E1135,E1136,E1137,E1138,E1139,E1200,E1201,E1205,E1206,E1300,E1301,E1302,E1303,E1304,E1305,E1306,E1310,E1700,E1701 --msg-template='{line},{column},{category},{symbol}:{msg}' --reports=n --output-format=text /home/dusan/projs/JE/djangoweather/weather/lookup/views.py
cwd: /home/dusan/projs/JE/djangoweather
##########Linting Output - pylint##########
************* Module lookup.views
1,0,error,import-error:Unable to import 'django.shortcuts'

----------------------------------------------------------------------
Your code has been rated at -6.67/10 (previous run: -40.00/10, +33.33)

Error 2020-10-23 12:45:07: stderr jediProxy Error (stderr) /root/.vscode/extensions/ms-python.python-2020.9.114305/pythonFiles/completion.py:584: DeprecationWarning: Deprecated since version 0.16.0. Use Script(...).get_names instead.
  jedi.api.names(

Error 2020-10-23 12:45:11: stderr jediProxy Error (stderr) /root/.vscode/extensions/ms-python.python-2020.9.114305/pythonFiles/completion.py:592: DeprecationWarning: Providing the line is now done in the functions themselves like `Script(...).complete(line, column)`
  script = jedi.Script(
/root/.vscode/extensions/ms-python.python-2020.9.114305/pythonFiles/completion.py:592: DeprecationWarning: Providing the column is now done in the functions themselves like `Script(...).complete(line, column)`
  script = jedi.Script(
/root/.vscode/extensions/ms-python.python-2020.9.114305/pythonFiles/completion.py:592: DeprecationWarning: Use the code keyword argument instead.
  script = jedi.Script(
/root/.vscode/extensions/ms-python.python-2020.9.114305/pythonFiles/completion.py:592: DeprecationWarning: Deprecated since version 0.17.0. Use the project API instead, which means Script(project=Project(dir, sys_path=sys_path)) instead.
  script = jedi.Script(
/root/.vscode/extensions/ms-python.python-2020.9.114305/pythonFiles/completion.py:626: DeprecationWarning: Deprecated since version 0.16.0. Use Script(...).infer instead.
  script.goto_definitions(), request["id"]

Error 2020-10-23 12:45:27: stderr jediProxy Error (stderr) /root/.vscode/extensions/ms-python.python-2020.9.114305/pythonFiles/completion.py:144: DeprecationWarning: Deprecated since version 0.16.0. Use Script(...).get_signatures instead.
  call_signatures = script.call_signatures()

Error 2020-10-23 12:45:28: stderr jediProxy Error (stderr) /root/.vscode/extensions/ms-python.python-2020.9.114305/pythonFiles/completion.py:105: DeprecationWarning: Deprecated since version 0.16.0. Use Script(...).get_signatures instead.
  call_signatures = script.call_signatures()

Error 2020-10-23 12:45:28: stderr jediProxy Error (stderr) /root/.vscode/extensions/ms-python.python-2020.9.114305/pythonFiles/completion.py:230: DeprecationWarning: Deprecated since version 0.16.0. Use Script(...).complete instead.
  completions = script.completions()

> /usr/bin/python3 ~/.vscode/extensions/ms-python.python-2020.9.114305/pythonFiles/pyvsc-run-isolated.py pylint --disable=all --enable=F,unreachable,duplicate-key,unnecessary-semicolon,global-variable-not-assigned,unused-variable,unused-wildcard-import,binary-op-exception,bad-format-string,anomalous-backslash-in-string,bad-open-mode,E0001,E0011,E0012,E0100,E0101,E0102,E0103,E0104,E0105,E0107,E0108,E0110,E0111,E0112,E0113,E0114,E0115,E0116,E0117,E0118,E0202,E0203,E0211,E0213,E0236,E0237,E0238,E0239,E0240,E0241,E0301,E0302,E0303,E0401,E0402,E0601,E0602,E0603,E0604,E0611,E0632,E0633,E0701,E0702,E0703,E0704,E0710,E0711,E0712,E1003,E1101,E1102,E1111,E1120,E1121,E1123,E1124,E1125,E1126,E1127,E1128,E1129,E1130,E1131,E1132,E1133,E1134,E1135,E1136,E1137,E1138,E1139,E1200,E1201,E1205,E1206,E1300,E1301,E1302,E1303,E1304,E1305,E1306,E1310,E1700,E1701 --msg-template='{line},{column},{category},{symbol}:{msg}' --reports=n --output-format=text /home/dusan/projs/JE/djangoweather/weather/lookup/urls.py
cwd: /home/dusan/projs/JE/djangoweather
> /usr/bin/python3 ~/.vscode/extensions/ms-python.python-2020.9.114305/pythonFiles/pyvsc-run-isolated.py pylint --disable=all --enable=F,unreachable,duplicate-key,unnecessary-semicolon,global-variable-not-assigned,unused-variable,unused-wildcard-import,binary-op-exception,bad-format-string,anomalous-backslash-in-string,bad-open-mode,E0001,E0011,E0012,E0100,E0101,E0102,E0103,E0104,E0105,E0107,E0108,E0110,E0111,E0112,E0113,E0114,E0115,E0116,E0117,E0118,E0202,E0203,E0211,E0213,E0236,E0237,E0238,E0239,E0240,E0241,E0301,E0302,E0303,E0401,E0402,E0601,E0602,E0603,E0604,E0611,E0632,E0633,E0701,E0702,E0703,E0704,E0710,E0711,E0712,E1003,E1101,E1102,E1111,E1120,E1121,E1123,E1124,E1125,E1126,E1127,E1128,E1129,E1130,E1131,E1132,E1133,E1134,E1135,E1136,E1137,E1138,E1139,E1200,E1201,E1205,E1206,E1300,E1301,E1302,E1303,E1304,E1305,E1306,E1310,E1700,E1701 --msg-template='{line},{column},{category},{symbol}:{msg}' --reports=n --output-format=text /home/dusan/projs/JE/djangoweather/weather/lookup/urls.py
cwd: /home/dusan/projs/JE/djangoweather
##########Linting Output - pylint##########
************* Module lookup.urls
1,0,error,import-error:Unable to import 'django.urls'
4,13,error,undefined-variable:Undefined variable 'views'

-----------------------------------------------------------------------
Your code has been rated at -40.00/10 (previous run: -23.33/10, -16.67)

Error 2020-10-23 12:46:38: stderr jediProxy Error (stderr) /root/.vscode/extensions/ms-python.python-2020.9.114305/pythonFiles/completion.py:592: DeprecationWarning: Providing the line is now done in the functions themselves like `Script(...).complete(line, column)`
  script = jedi.Script(
/root/.vscode/extensions/ms-python.python-2020.9.114305/pythonFiles/completion.py:592: DeprecationWarning: Providing the column is now done in the functions themselves like `Script(...).complete(line, column)`
  script = jedi.Script(

Error 2020-10-23 12:46:38: stderr jediProxy Error (stderr) /root/.vscode/extensions/ms-python.python-2020.9.114305/pythonFiles/completion.py:592: DeprecationWarning: Deprecated since version 0.17.0. Use the project API instead, which means Script(project=Project(dir, sys_path=sys_path)) instead.
  script = jedi.Script(
/root/.vscode/extensions/ms-python.python-2020.9.114305/pythonFiles/completion.py:626: DeprecationWarning: Deprecated since version 0.16.0. Use Script(...).infer instead.
  script.goto_definitions(), request["id"]

Error 2020-10-23 12:46:40: stderr jediProxy Error (stderr) /root/.vscode/extensions/ms-python.python-2020.9.114305/pythonFiles/completion.py:584: DeprecationWarning: Deprecated since version 0.16.0. Use Script(...).get_names instead.
  jedi.api.names(

Error 2020-10-23 12:46:44: stderr jediProxy Error (stderr) /root/.vscode/extensions/ms-python.python-2020.9.114305/pythonFiles/completion.py:592: DeprecationWarning: Providing the line is now done in the functions themselves like `Script(...).complete(line, column)`
  script = jedi.Script(
/root/.vscode/extensions/ms-python.python-2020.9.114305/pythonFiles/completion.py:592: DeprecationWarning: Providing the column is now done in the functions themselves like `Script(...).complete(line, column)`
  script = jedi.Script(
/root/.vscode/extensions/ms-python.python-2020.9.114305/pythonFiles/completion.py:592: DeprecationWarning: Use the code keyword argument instead.
  script = jedi.Script(
/root/.vscode/extensions/ms-python.python-2020.9.114305/pythonFiles/completion.py:592: DeprecationWarning: Deprecated since version 0.17.0. Use the project API instead, which means Script(project=Project(dir, sys_path=sys_path)) instead.
  script = jedi.Script(
/root/.vscode/extensions/ms-python.python-2020.9.114305/pythonFiles/completion.py:105: DeprecationWarning: Deprecated since version 0.16.0. Use Script(...).get_signatures instead.
  call_signatures = script.call_signatures()
/root/.vscode/extensions/ms-python.python-2020.9.114305/pythonFiles/completion.py:230: DeprecationWarning: Deprecated since version 0.16.0. Use Script(...).complete instead.
  completions = script.completions()

Error 2020-10-23 12:46:44: stderr jediProxy Error (stderr) /root/.vscode/extensions/ms-python.python-2020.9.114305/pythonFiles/completion.py:626: DeprecationWarning: Deprecated since version 0.16.0. Use Script(...).infer instead.
  script.goto_definitions(), request["id"]

> /usr/bin/python3 ~/.vscode/extensions/ms-python.python-2020.9.114305/pythonFiles/pyvsc-run-isolated.py pylint --disable=all --enable=F,unreachable,duplicate-key,unnecessary-semicolon,global-variable-not-assigned,unused-variable,unused-wildcard-import,binary-op-exception,bad-format-string,anomalous-backslash-in-string,bad-open-mode,E0001,E0011,E0012,E0100,E0101,E0102,E0103,E0104,E0105,E0107,E0108,E0110,E0111,E0112,E0113,E0114,E0115,E0116,E0117,E0118,E0202,E0203,E0211,E0213,E0236,E0237,E0238,E0239,E0240,E0241,E0301,E0302,E0303,E0401,E0402,E0601,E0602,E0603,E0604,E0611,E0632,E0633,E0701,E0702,E0703,E0704,E0710,E0711,E0712,E1003,E1101,E1102,E1111,E1120,E1121,E1123,E1124,E1125,E1126,E1127,E1128,E1129,E1130,E1131,E1132,E1133,E1134,E1135,E1136,E1137,E1138,E1139,E1200,E1201,E1205,E1206,E1300,E1301,E1302,E1303,E1304,E1305,E1306,E1310,E1700,E1701 --msg-template='{line},{column},{category},{symbol}:{msg}' --reports=n --output-format=text /home/dusan/projs/JE/djangoweather/weather/lookup/urls.py
cwd: /home/dusan/projs/JE/djangoweather
> /usr/bin/python3 ~/.vscode/extensions/ms-python.python-2020.9.114305/pythonFiles/pyvsc-run-isolated.py pylint --disable=all --enable=F,unreachable,duplicate-key,unnecessary-semicolon,global-variable-not-assigned,unused-variable,unused-wildcard-import,binary-op-exception,bad-format-string,anomalous-backslash-in-string,bad-open-mode,E0001,E0011,E0012,E0100,E0101,E0102,E0103,E0104,E0105,E0107,E0108,E0110,E0111,E0112,E0113,E0114,E0115,E0116,E0117,E0118,E0202,E0203,E0211,E0213,E0236,E0237,E0238,E0239,E0240,E0241,E0301,E0302,E0303,E0401,E0402,E0601,E0602,E0603,E0604,E0611,E0632,E0633,E0701,E0702,E0703,E0704,E0710,E0711,E0712,E1003,E1101,E1102,E1111,E1120,E1121,E1123,E1124,E1125,E1126,E1127,E1128,E1129,E1130,E1131,E1132,E1133,E1134,E1135,E1136,E1137,E1138,E1139,E1200,E1201,E1205,E1206,E1300,E1301,E1302,E1303,E1304,E1305,E1306,E1310,E1700,E1701 --msg-template='{line},{column},{category},{symbol}:{msg}' --reports=n --output-format=text /home/dusan/projs/JE/djangoweather/weather/lookup/urls.py
cwd: /home/dusan/projs/JE/djangoweather
##########Linting Output - pylint##########
************* Module lookup.urls
1,0,error,import-error:Unable to import 'django.urls'

----------------------------------------------------------------------
Your code has been rated at -6.67/10 (previous run: -40.00/10, +33.33)

Error 2020-10-23 12:50:19: stderr jediProxy Error (stderr) /root/.vscode/extensions/ms-python.python-2020.9.114305/pythonFiles/completion.py:592: DeprecationWarning: Providing the line is now done in the functions themselves like `Script(...).complete(line, column)`
  script = jedi.Script(

Error 2020-10-23 12:50:19: stderr jediProxy Error (stderr) /root/.vscode/extensions/ms-python.python-2020.9.114305/pythonFiles/completion.py:592: DeprecationWarning: Providing the column is now done in the functions themselves like `Script(...).complete(line, column)`
  script = jedi.Script(
/root/.vscode/extensions/ms-python.python-2020.9.114305/pythonFiles/completion.py:592: DeprecationWarning: Deprecated since version 0.17.0. Use the project API instead, which means Script(project=Project(dir, sys_path=sys_path)) instead.
  script = jedi.Script(
/root/.vscode/extensions/ms-python.python-2020.9.114305/pythonFiles/completion.py:626: DeprecationWarning: Deprecated since version 0.16.0. Use Script(...).infer instead.
  script.goto_definitions(), request["id"]

Error 2020-10-23 12:50:21: stderr jediProxy Error (stderr) /root/.vscode/extensions/ms-python.python-2020.9.114305/pythonFiles/completion.py:584: DeprecationWarning: Deprecated since version 0.16.0. Use Script(...).get_names instead.
  jedi.api.names(

Error 2020-10-23 12:52:53: stderr jediProxy Error (stderr) /root/.vscode/extensions/ms-python.python-2020.9.114305/pythonFiles/completion.py:584: DeprecationWarning: Deprecated since version 0.16.0. Use Script(...).get_names instead.
  jedi.api.names(

Error 2020-10-23 12:52:54: stderr jediProxy Error (stderr) /root/.vscode/extensions/ms-python.python-2020.9.114305/pythonFiles/completion.py:592: DeprecationWarning: Providing the line is now done in the functions themselves like `Script(...).complete(line, column)`
  script = jedi.Script(
/root/.vscode/extensions/ms-python.python-2020.9.114305/pythonFiles/completion.py:592: DeprecationWarning: Providing the column is now done in the functions themselves like `Script(...).complete(line, column)`
  script = jedi.Script(

Error 2020-10-23 12:52:54: stderr jediProxy Error (stderr) /root/.vscode/extensions/ms-python.python-2020.9.114305/pythonFiles/completion.py:592: DeprecationWarning: Deprecated since version 0.17.0. Use the project API instead, which means Script(project=Project(dir, sys_path=sys_path)) instead.
  script = jedi.Script(

Error 2020-10-23 12:52:54: stderr jediProxy Error (stderr) /root/.vscode/extensions/ms-python.python-2020.9.114305/pythonFiles/completion.py:626: DeprecationWarning: Deprecated since version 0.16.0. Use Script(...).infer instead.
  script.goto_definitions(), request["id"]

Error 2020-10-23 21:50:05: stderr jediProxy Error (stderr) /root/.vscode/extensions/ms-python.python-2020.9.114305/pythonFiles/completion.py:592: DeprecationWarning: Providing the line is now done in the functions themselves like `Script(...).complete(line, column)`
  script = jedi.Script(
/root/.vscode/extensions/ms-python.python-2020.9.114305/pythonFiles/completion.py:592: DeprecationWarning: Providing the column is now done in the functions themselves like `Script(...).complete(line, column)`
  script = jedi.Script(

Error 2020-10-23 21:50:05: stderr jediProxy Error (stderr) /root/.vscode/extensions/ms-python.python-2020.9.114305/pythonFiles/completion.py:592: DeprecationWarning: Deprecated since version 0.17.0. Use the project API instead, which means Script(project=Project(dir, sys_path=sys_path)) instead.
  script = jedi.Script(
/root/.vscode/extensions/ms-python.python-2020.9.114305/pythonFiles/completion.py:626: DeprecationWarning: Deprecated since version 0.16.0. Use Script(...).infer instead.
  script.goto_definitions(), request["id"]

Error 2020-10-23 21:50:13: stderr jediProxy Error (stderr) /root/.vscode/extensions/ms-python.python-2020.9.114305/pythonFiles/completion.py:584: DeprecationWarning: Deprecated since version 0.16.0. Use Script(...).get_names instead.
  jedi.api.names(

Error 2020-10-23 21:50:15: stderr jediProxy Error (stderr) /root/.vscode/extensions/ms-python.python-2020.9.114305/pythonFiles/completion.py:584: DeprecationWarning: Deprecated since version 0.16.0. Use Script(...).get_names instead.
  jedi.api.names(

Error 2020-10-23 21:50:15: stderr jediProxy Error (stderr) /root/.vscode/extensions/ms-python.python-2020.9.114305/pythonFiles/completion.py:592: DeprecationWarning: Providing the line is now done in the functions themselves like `Script(...).complete(line, column)`
  script = jedi.Script(
/root/.vscode/extensions/ms-python.python-2020.9.114305/pythonFiles/completion.py:592: DeprecationWarning: Providing the column is now done in the functions themselves like `Script(...).complete(line, column)`
  script = jedi.Script(
/root/.vscode/extensions/ms-python.python-2020.9.114305/pythonFiles/completion.py:592: DeprecationWarning: Use the code keyword argument instead.
  script = jedi.Script(
/root/.vscode/extensions/ms-python.python-2020.9.114305/pythonFiles/completion.py:592: DeprecationWarning: Deprecated since version 0.17.0. Use the project API instead, which means Script(project=Project(dir, sys_path=sys_path)) instead.
  script = jedi.Script(
/root/.vscode/extensions/ms-python.python-2020.9.114305/pythonFiles/completion.py:626: DeprecationWarning: Deprecated since version 0.16.0. Use Script(...).infer instead.
  script.goto_definitions(), request["id"]

Error 2020-10-23 21:50:19: stderr jediProxy Error (stderr) /root/.vscode/extensions/ms-python.python-2020.9.114305/pythonFiles/completion.py:105: DeprecationWarning: Deprecated since version 0.16.0. Use Script(...).get_signatures instead.
  call_signatures = script.call_signatures()

Error 2020-10-23 21:50:19: stderr jediProxy Error (stderr) /root/.vscode/extensions/ms-python.python-2020.9.114305/pythonFiles/completion.py:230: DeprecationWarning: Deprecated since version 0.16.0. Use Script(...).complete instead.
  completions = script.completions()

Error 2020-10-23 21:50:20: stderr jediProxy Error (stderr) /root/.vscode/extensions/ms-python.python-2020.9.114305/pythonFiles/completion.py:584: DeprecationWarning: Deprecated since version 0.16.0. Use Script(...).get_names instead.
  jedi.api.names(

Error 2020-10-23 21:50:22: stderr jediProxy Error (stderr) /root/.vscode/extensions/ms-python.python-2020.9.114305/pythonFiles/completion.py:592: DeprecationWarning: Providing the line is now done in the functions themselves like `Script(...).complete(line, column)`
  script = jedi.Script(
/root/.vscode/extensions/ms-python.python-2020.9.114305/pythonFiles/completion.py:592: DeprecationWarning: Providing the column is now done in the functions themselves like `Script(...).complete(line, column)`
  script = jedi.Script(
/root/.vscode/extensions/ms-python.python-2020.9.114305/pythonFiles/completion.py:592: DeprecationWarning: Use the code keyword argument instead.
  script = jedi.Script(

Error 2020-10-23 21:50:22: stderr jediProxy Error (stderr) /root/.vscode/extensions/ms-python.python-2020.9.114305/pythonFiles/completion.py:592: DeprecationWarning: Deprecated since version 0.17.0. Use the project API instead, which means Script(project=Project(dir, sys_path=sys_path)) instead.
  script = jedi.Script(

Error 2020-10-23 21:50:22: stderr jediProxy Error (stderr) /root/.vscode/extensions/ms-python.python-2020.9.114305/pythonFiles/completion.py:105: DeprecationWarning: Deprecated since version 0.16.0. Use Script(...).get_signatures instead.
  call_signatures = script.call_signatures()

Error 2020-10-23 21:50:22: stderr jediProxy Error (stderr) /root/.vscode/extensions/ms-python.python-2020.9.114305/pythonFiles/completion.py:230: DeprecationWarning: Deprecated since version 0.16.0. Use Script(...).complete instead.
  completions = script.completions()

Error 2020-10-23 21:50:23: stderr jediProxy Error (stderr) /root/.vscode/extensions/ms-python.python-2020.9.114305/pythonFiles/completion.py:584: DeprecationWarning: Deprecated since version 0.16.0. Use Script(...).get_names instead.
  jedi.api.names(

Error 2020-10-23 21:50:24: stderr jediProxy Error (stderr) /root/.vscode/extensions/ms-python.python-2020.9.114305/pythonFiles/completion.py:592: DeprecationWarning: Providing the line is now done in the functions themselves like `Script(...).complete(line, column)`
  script = jedi.Script(

Error 2020-10-23 21:50:24: stderr jediProxy Error (stderr) /root/.vscode/extensions/ms-python.python-2020.9.114305/pythonFiles/completion.py:592: DeprecationWarning: Providing the column is now done in the functions themselves like `Script(...).complete(line, column)`
  script = jedi.Script(

Error 2020-10-23 21:50:24: stderr jediProxy Error (stderr) /root/.vscode/extensions/ms-python.python-2020.9.114305/pythonFiles/completion.py:592: DeprecationWarning: Use the code keyword argument instead.
  script = jedi.Script(

Error 2020-10-23 21:50:24: stderr jediProxy Error (stderr) /root/.vscode/extensions/ms-python.python-2020.9.114305/pythonFiles/completion.py:592: DeprecationWarning: Deprecated since version 0.17.0. Use the project API instead, which means Script(project=Project(dir, sys_path=sys_path)) instead.
  script = jedi.Script(

Error 2020-10-23 21:50:24: stderr jediProxy Error (stderr) /root/.vscode/extensions/ms-python.python-2020.9.114305/pythonFiles/completion.py:105: DeprecationWarning: Deprecated since version 0.16.0. Use Script(...).get_signatures instead.
  call_signatures = script.call_signatures()

Error 2020-10-23 21:50:24: stderr jediProxy Error (stderr) /root/.vscode/extensions/ms-python.python-2020.9.114305/pythonFiles/completion.py:230: DeprecationWarning: Deprecated since version 0.16.0. Use Script(...).complete instead.
  completions = script.completions()

Error 2020-10-23 21:50:25: stderr jediProxy Error (stderr) /root/.vscode/extensions/ms-python.python-2020.9.114305/pythonFiles/completion.py:584: DeprecationWarning: Deprecated since version 0.16.0. Use Script(...).get_names instead.
  jedi.api.names(

Error 2020-10-23 21:50:27: stderr jediProxy Error (stderr) /root/.vscode/extensions/ms-python.python-2020.9.114305/pythonFiles/completion.py:592: DeprecationWarning: Providing the line is now done in the functions themselves like `Script(...).complete(line, column)`
  script = jedi.Script(
/root/.vscode/extensions/ms-python.python-2020.9.114305/pythonFiles/completion.py:592: DeprecationWarning: Providing the column is now done in the functions themselves like `Script(...).complete(line, column)`
  script = jedi.Script(
/root/.vscode/extensions/ms-python.python-2020.9.114305/pythonFiles/completion.py:592: DeprecationWarning: Use the code keyword argument instead.
  script = jedi.Script(

Error 2020-10-23 21:50:27: stderr jediProxy Error (stderr) /root/.vscode/extensions/ms-python.python-2020.9.114305/pythonFiles/completion.py:592: DeprecationWarning: Deprecated since version 0.17.0. Use the project API instead, which means Script(project=Project(dir, sys_path=sys_path)) instead.
  script = jedi.Script(
/root/.vscode/extensions/ms-python.python-2020.9.114305/pythonFiles/completion.py:626: DeprecationWarning: Deprecated since version 0.16.0. Use Script(...).infer instead.
  script.goto_definitions(), request["id"]

Error 2020-10-23 21:50:36: stderr jediProxy Error (stderr) /root/.vscode/extensions/ms-python.python-2020.9.114305/pythonFiles/completion.py:584: DeprecationWarning: Deprecated since version 0.16.0. Use Script(...).get_names instead.
  jedi.api.names(

Error 2020-10-23 21:50:38: stderr jediProxy Error (stderr) /root/.vscode/extensions/ms-python.python-2020.9.114305/pythonFiles/completion.py:584: DeprecationWarning: Deprecated since version 0.16.0. Use Script(...).get_names instead.
  jedi.api.names(

Error 2020-10-23 21:50:38: stderr jediProxy Error (stderr) /root/.vscode/extensions/ms-python.python-2020.9.114305/pythonFiles/completion.py:592: DeprecationWarning: Providing the line is now done in the functions themselves like `Script(...).complete(line, column)`
  script = jedi.Script(
/root/.vscode/extensions/ms-python.python-2020.9.114305/pythonFiles/completion.py:592: DeprecationWarning: Providing the column is now done in the functions themselves like `Script(...).complete(line, column)`
  script = jedi.Script(
/root/.vscode/extensions/ms-python.python-2020.9.114305/pythonFiles/completion.py:592: DeprecationWarning: Use the code keyword argument instead.
  script = jedi.Script(
/root/.vscode/extensions/ms-python.python-2020.9.114305/pythonFiles/completion.py:592: DeprecationWarning: Deprecated since version 0.17.0. Use the project API instead, which means Script(project=Project(dir, sys_path=sys_path)) instead.
  script = jedi.Script(
/root/.vscode/extensions/ms-python.python-2020.9.114305/pythonFiles/completion.py:626: DeprecationWarning: Deprecated since version 0.16.0. Use Script(...).infer instead.
  script.goto_definitions(), request["id"]

Error 2020-10-23 21:50:42: stderr jediProxy Error (stderr) /root/.vscode/extensions/ms-python.python-2020.9.114305/pythonFiles/completion.py:584: DeprecationWarning: Deprecated since version 0.16.0. Use Script(...).get_names instead.
  jedi.api.names(

Error 2020-10-23 21:50:43: stderr jediProxy Error (stderr) /root/.vscode/extensions/ms-python.python-2020.9.114305/pythonFiles/completion.py:584: DeprecationWarning: Deprecated since version 0.16.0. Use Script(...).get_names instead.
  jedi.api.names(

> /usr/bin/python3 ~/.vscode/extensions/ms-python.python-2020.9.114305/pythonFiles/pyvsc-run-isolated.py pylint --disable=all --enable=F,unreachable,duplicate-key,unnecessary-semicolon,global-variable-not-assigned,unused-variable,unused-wildcard-import,binary-op-exception,bad-format-string,anomalous-backslash-in-string,bad-open-mode,E0001,E0011,E0012,E0100,E0101,E0102,E0103,E0104,E0105,E0107,E0108,E0110,E0111,E0112,E0113,E0114,E0115,E0116,E0117,E0118,E0202,E0203,E0211,E0213,E0236,E0237,E0238,E0239,E0240,E0241,E0301,E0302,E0303,E0401,E0402,E0601,E0602,E0603,E0604,E0611,E0632,E0633,E0701,E0702,E0703,E0704,E0710,E0711,E0712,E1003,E1101,E1102,E1111,E1120,E1121,E1123,E1124,E1125,E1126,E1127,E1128,E1129,E1130,E1131,E1132,E1133,E1134,E1135,E1136,E1137,E1138,E1139,E1200,E1201,E1205,E1206,E1300,E1301,E1302,E1303,E1304,E1305,E1306,E1310,E1700,E1701 --msg-template='{line},{column},{category},{symbol}:{msg}' --reports=n --output-format=text /home/dusan/projs/JE/djangoweather/weather/lookup/views.py
cwd: /home/dusan/projs/JE/djangoweather
> /usr/bin/python3 ~/.vscode/extensions/ms-python.python-2020.9.114305/pythonFiles/pyvsc-run-isolated.py pylint --disable=all --enable=F,unreachable,duplicate-key,unnecessary-semicolon,global-variable-not-assigned,unused-variable,unused-wildcard-import,binary-op-exception,bad-format-string,anomalous-backslash-in-string,bad-open-mode,E0001,E0011,E0012,E0100,E0101,E0102,E0103,E0104,E0105,E0107,E0108,E0110,E0111,E0112,E0113,E0114,E0115,E0116,E0117,E0118,E0202,E0203,E0211,E0213,E0236,E0237,E0238,E0239,E0240,E0241,E0301,E0302,E0303,E0401,E0402,E0601,E0602,E0603,E0604,E0611,E0632,E0633,E0701,E0702,E0703,E0704,E0710,E0711,E0712,E1003,E1101,E1102,E1111,E1120,E1121,E1123,E1124,E1125,E1126,E1127,E1128,E1129,E1130,E1131,E1132,E1133,E1134,E1135,E1136,E1137,E1138,E1139,E1200,E1201,E1205,E1206,E1300,E1301,E1302,E1303,E1304,E1305,E1306,E1310,E1700,E1701 --msg-template='{line},{column},{category},{symbol}:{msg}' --reports=n --output-format=text /home/dusan/projs/JE/djangoweather/weather/lookup/views.py
cwd: /home/dusan/projs/JE/djangoweather
##########Linting Output - pylint##########
************* Module lookup.views
9,5,error,syntax-error:invalid syntax (<unknown>, line 9)
Error 2020-10-23 21:50:55: stderr jediProxy Error (stderr) /root/.vscode/extensions/ms-python.python-2020.9.114305/pythonFiles/completion.py:584: DeprecationWarning: Deprecated since version 0.16.0. Use Script(...).get_names instead.
  jedi.api.names(

Error 2020-10-23 21:50:58: stderr jediProxy Error (stderr) /root/.vscode/extensions/ms-python.python-2020.9.114305/pythonFiles/completion.py:592: DeprecationWarning: Providing the line is now done in the functions themselves like `Script(...).complete(line, column)`
  script = jedi.Script(
/root/.vscode/extensions/ms-python.python-2020.9.114305/pythonFiles/completion.py:592: DeprecationWarning: Providing the column is now done in the functions themselves like `Script(...).complete(line, column)`
  script = jedi.Script(

Error 2020-10-23 21:50:58: stderr jediProxy Error (stderr) /root/.vscode/extensions/ms-python.python-2020.9.114305/pythonFiles/completion.py:592: DeprecationWarning: Deprecated since version 0.17.0. Use the project API instead, which means Script(project=Project(dir, sys_path=sys_path)) instead.
  script = jedi.Script(
/root/.vscode/extensions/ms-python.python-2020.9.114305/pythonFiles/completion.py:603: DeprecationWarning: Deprecated since version 0.16.0. Use Script(...).goto instead.
  script.goto_assignments(follow_imports=True), request["id"]

Error 2020-10-23 21:51:23: stderr jediProxy Error (stderr) /root/.vscode/extensions/ms-python.python-2020.9.114305/pythonFiles/completion.py:592: DeprecationWarning: Use the code keyword argument instead.
  script = jedi.Script(
/root/.vscode/extensions/ms-python.python-2020.9.114305/pythonFiles/completion.py:105: DeprecationWarning: Deprecated since version 0.16.0. Use Script(...).get_signatures instead.
  call_signatures = script.call_signatures()

Error 2020-10-23 21:51:23: stderr jediProxy Error (stderr) /root/.vscode/extensions/ms-python.python-2020.9.114305/pythonFiles/completion.py:230: DeprecationWarning: Deprecated since version 0.16.0. Use Script(...).complete instead.
  completions = script.completions()

> /usr/bin/python3 ~/.vscode/extensions/ms-python.python-2020.9.114305/pythonFiles/pyvsc-run-isolated.py pylint --disable=all --enable=F,unreachable,duplicate-key,unnecessary-semicolon,global-variable-not-assigned,unused-variable,unused-wildcard-import,binary-op-exception,bad-format-string,anomalous-backslash-in-string,bad-open-mode,E0001,E0011,E0012,E0100,E0101,E0102,E0103,E0104,E0105,E0107,E0108,E0110,E0111,E0112,E0113,E0114,E0115,E0116,E0117,E0118,E0202,E0203,E0211,E0213,E0236,E0237,E0238,E0239,E0240,E0241,E0301,E0302,E0303,E0401,E0402,E0601,E0602,E0603,E0604,E0611,E0632,E0633,E0701,E0702,E0703,E0704,E0710,E0711,E0712,E1003,E1101,E1102,E1111,E1120,E1121,E1123,E1124,E1125,E1126,E1127,E1128,E1129,E1130,E1131,E1132,E1133,E1134,E1135,E1136,E1137,E1138,E1139,E1200,E1201,E1205,E1206,E1300,E1301,E1302,E1303,E1304,E1305,E1306,E1310,E1700,E1701 --msg-template='{line},{column},{category},{symbol}:{msg}' --reports=n --output-format=text /home/dusan/projs/JE/djangoweather/weather/lookup/urls.py
cwd: /home/dusan/projs/JE/djangoweather
> /usr/bin/python3 ~/.vscode/extensions/ms-python.python-2020.9.114305/pythonFiles/pyvsc-run-isolated.py pylint --disable=all --enable=F,unreachable,duplicate-key,unnecessary-semicolon,global-variable-not-assigned,unused-variable,unused-wildcard-import,binary-op-exception,bad-format-string,anomalous-backslash-in-string,bad-open-mode,E0001,E0011,E0012,E0100,E0101,E0102,E0103,E0104,E0105,E0107,E0108,E0110,E0111,E0112,E0113,E0114,E0115,E0116,E0117,E0118,E0202,E0203,E0211,E0213,E0236,E0237,E0238,E0239,E0240,E0241,E0301,E0302,E0303,E0401,E0402,E0601,E0602,E0603,E0604,E0611,E0632,E0633,E0701,E0702,E0703,E0704,E0710,E0711,E0712,E1003,E1101,E1102,E1111,E1120,E1121,E1123,E1124,E1125,E1126,E1127,E1128,E1129,E1130,E1131,E1132,E1133,E1134,E1135,E1136,E1137,E1138,E1139,E1200,E1201,E1205,E1206,E1300,E1301,E1302,E1303,E1304,E1305,E1306,E1310,E1700,E1701 --msg-template='{line},{column},{category},{symbol}:{msg}' --reports=n --output-format=text /home/dusan/projs/JE/djangoweather/weather/lookup/urls.py
cwd: /home/dusan/projs/JE/djangoweather
##########Linting Output - pylint##########
************* Module lookup.urls
1,0,error,import-error:Unable to import 'django.urls'
2,0,error,no-name-in-module:No name 'views' in module 'lookup'

----------------------------------------------------------------------
Your code has been rated at -23.33/10 (previous run: -6.67/10, -16.67)

Error 2020-10-23 21:51:44: stderr jediProxy Error (stderr) /root/.vscode/extensions/ms-python.python-2020.9.114305/pythonFiles/completion.py:592: DeprecationWarning: Providing the line is now done in the functions themselves like `Script(...).complete(line, column)`
  script = jedi.Script(

Error 2020-10-23 21:51:44: stderr jediProxy Error (stderr) /root/.vscode/extensions/ms-python.python-2020.9.114305/pythonFiles/completion.py:592: DeprecationWarning: Providing the column is now done in the functions themselves like `Script(...).complete(line, column)`
  script = jedi.Script(
/root/.vscode/extensions/ms-python.python-2020.9.114305/pythonFiles/completion.py:592: DeprecationWarning: Deprecated since version 0.17.0. Use the project API instead, which means Script(project=Project(dir, sys_path=sys_path)) instead.
  script = jedi.Script(

Error 2020-10-23 21:51:44: stderr jediProxy Error (stderr) /root/.vscode/extensions/ms-python.python-2020.9.114305/pythonFiles/completion.py:626: DeprecationWarning: Deprecated since version 0.16.0. Use Script(...).infer instead.
  script.goto_definitions(), request["id"]

Error 2020-10-23 21:51:53: stderr jediProxy Error (stderr) /root/.vscode/extensions/ms-python.python-2020.9.114305/pythonFiles/completion.py:584: DeprecationWarning: Deprecated since version 0.16.0. Use Script(...).get_names instead.
  jedi.api.names(

Error 2020-10-23 21:51:54: stderr jediProxy Error (stderr) /root/.vscode/extensions/ms-python.python-2020.9.114305/pythonFiles/completion.py:584: DeprecationWarning: Deprecated since version 0.16.0. Use Script(...).get_names instead.
  jedi.api.names(

> /usr/bin/python3 ~/.vscode/extensions/ms-python.python-2020.9.114305/pythonFiles/pyvsc-run-isolated.py pylint --disable=all --enable=F,unreachable,duplicate-key,unnecessary-semicolon,global-variable-not-assigned,unused-variable,unused-wildcard-import,binary-op-exception,bad-format-string,anomalous-backslash-in-string,bad-open-mode,E0001,E0011,E0012,E0100,E0101,E0102,E0103,E0104,E0105,E0107,E0108,E0110,E0111,E0112,E0113,E0114,E0115,E0116,E0117,E0118,E0202,E0203,E0211,E0213,E0236,E0237,E0238,E0239,E0240,E0241,E0301,E0302,E0303,E0401,E0402,E0601,E0602,E0603,E0604,E0611,E0632,E0633,E0701,E0702,E0703,E0704,E0710,E0711,E0712,E1003,E1101,E1102,E1111,E1120,E1121,E1123,E1124,E1125,E1126,E1127,E1128,E1129,E1130,E1131,E1132,E1133,E1134,E1135,E1136,E1137,E1138,E1139,E1200,E1201,E1205,E1206,E1300,E1301,E1302,E1303,E1304,E1305,E1306,E1310,E1700,E1701 --msg-template='{line},{column},{category},{symbol}:{msg}' --reports=n --output-format=text /home/dusan/projs/JE/djangoweather/weather/lookup/views.py
cwd: /home/dusan/projs/JE/djangoweather
> /usr/bin/python3 ~/.vscode/extensions/ms-python.python-2020.9.114305/pythonFiles/pyvsc-run-isolated.py pylint --disable=all --enable=F,unreachable,duplicate-key,unnecessary-semicolon,global-variable-not-assigned,unused-variable,unused-wildcard-import,binary-op-exception,bad-format-string,anomalous-backslash-in-string,bad-open-mode,E0001,E0011,E0012,E0100,E0101,E0102,E0103,E0104,E0105,E0107,E0108,E0110,E0111,E0112,E0113,E0114,E0115,E0116,E0117,E0118,E0202,E0203,E0211,E0213,E0236,E0237,E0238,E0239,E0240,E0241,E0301,E0302,E0303,E0401,E0402,E0601,E0602,E0603,E0604,E0611,E0632,E0633,E0701,E0702,E0703,E0704,E0710,E0711,E0712,E1003,E1101,E1102,E1111,E1120,E1121,E1123,E1124,E1125,E1126,E1127,E1128,E1129,E1130,E1131,E1132,E1133,E1134,E1135,E1136,E1137,E1138,E1139,E1200,E1201,E1205,E1206,E1300,E1301,E1302,E1303,E1304,E1305,E1306,E1310,E1700,E1701 --msg-template='{line},{column},{category},{symbol}:{msg}' --reports=n --output-format=text /home/dusan/projs/JE/djangoweather/weather/lookup/views.py
cwd: /home/dusan/projs/JE/djangoweather
##########Linting Output - pylint##########
************* Module lookup.views
1,0,error,import-error:Unable to import 'django.shortcuts'

-------------------------------------------------------------------
Your code has been rated at 0.00/10 (previous run: -6.67/10, +6.67)

Error 2020-10-23 21:51:59: stderr jediProxy Error (stderr) /root/.vscode/extensions/ms-python.python-2020.9.114305/pythonFiles/completion.py:584: DeprecationWarning: Deprecated since version 0.16.0. Use Script(...).get_names instead.
  jedi.api.names(

Error 2020-10-23 21:52:58: stderr jediProxy Error (stderr) /root/.vscode/extensions/ms-python.python-2020.9.114305/pythonFiles/completion.py:592: DeprecationWarning: Providing the line is now done in the functions themselves like `Script(...).complete(line, column)`
  script = jedi.Script(
/root/.vscode/extensions/ms-python.python-2020.9.114305/pythonFiles/completion.py:592: DeprecationWarning: Providing the column is now done in the functions themselves like `Script(...).complete(line, column)`
  script = jedi.Script(
/root/.vscode/extensions/ms-python.python-2020.9.114305/pythonFiles/completion.py:592: DeprecationWarning: Deprecated since version 0.17.0. Use the project API instead, which means Script(project=Project(dir, sys_path=sys_path)) instead.
  script = jedi.Script(
/root/.vscode/extensions/ms-python.python-2020.9.114305/pythonFiles/completion.py:626: DeprecationWarning: Deprecated since version 0.16.0. Use Script(...).infer instead.
  script.goto_definitions(), request["id"]

Error 2020-10-23 21:53:02: stderr jediProxy Error (stderr) /root/.vscode/extensions/ms-python.python-2020.9.114305/pythonFiles/completion.py:584: DeprecationWarning: Deprecated since version 0.16.0. Use Script(...).get_names instead.
  jedi.api.names(

> /usr/bin/python3 ~/.vscode/extensions/ms-python.python-2020.9.114305/pythonFiles/pyvsc-run-isolated.py pylint --disable=all --enable=F,unreachable,duplicate-key,unnecessary-semicolon,global-variable-not-assigned,unused-variable,unused-wildcard-import,binary-op-exception,bad-format-string,anomalous-backslash-in-string,bad-open-mode,E0001,E0011,E0012,E0100,E0101,E0102,E0103,E0104,E0105,E0107,E0108,E0110,E0111,E0112,E0113,E0114,E0115,E0116,E0117,E0118,E0202,E0203,E0211,E0213,E0236,E0237,E0238,E0239,E0240,E0241,E0301,E0302,E0303,E0401,E0402,E0601,E0602,E0603,E0604,E0611,E0632,E0633,E0701,E0702,E0703,E0704,E0710,E0711,E0712,E1003,E1101,E1102,E1111,E1120,E1121,E1123,E1124,E1125,E1126,E1127,E1128,E1129,E1130,E1131,E1132,E1133,E1134,E1135,E1136,E1137,E1138,E1139,E1200,E1201,E1205,E1206,E1300,E1301,E1302,E1303,E1304,E1305,E1306,E1310,E1700,E1701 --msg-template='{line},{column},{category},{symbol}:{msg}' --reports=n --output-format=text /home/dusan/projs/JE/djangoweather/weather/lookup/views.py
cwd: /home/dusan/projs/JE/djangoweather
> /usr/bin/python3 ~/.vscode/extensions/ms-python.python-2020.9.114305/pythonFiles/pyvsc-run-isolated.py pylint --disable=all --enable=F,unreachable,duplicate-key,unnecessary-semicolon,global-variable-not-assigned,unused-variable,unused-wildcard-import,binary-op-exception,bad-format-string,anomalous-backslash-in-string,bad-open-mode,E0001,E0011,E0012,E0100,E0101,E0102,E0103,E0104,E0105,E0107,E0108,E0110,E0111,E0112,E0113,E0114,E0115,E0116,E0117,E0118,E0202,E0203,E0211,E0213,E0236,E0237,E0238,E0239,E0240,E0241,E0301,E0302,E0303,E0401,E0402,E0601,E0602,E0603,E0604,E0611,E0632,E0633,E0701,E0702,E0703,E0704,E0710,E0711,E0712,E1003,E1101,E1102,E1111,E1120,E1121,E1123,E1124,E1125,E1126,E1127,E1128,E1129,E1130,E1131,E1132,E1133,E1134,E1135,E1136,E1137,E1138,E1139,E1200,E1201,E1205,E1206,E1300,E1301,E1302,E1303,E1304,E1305,E1306,E1310,E1700,E1701 --msg-template='{line},{column},{category},{symbol}:{msg}' --reports=n --output-format=text /home/dusan/projs/JE/djangoweather/weather/lookup/views.py
cwd: /home/dusan/projs/JE/djangoweather
##########Linting Output - pylint##########
************* Module lookup.views
1,0,error,import-error:Unable to import 'django.shortcuts'

------------------------------------------------------------------
Your code has been rated at 0.00/10 (previous run: 0.00/10, +0.00)

